Arguments: 
  /Users/nissan/.nvm/versions/node/v9.5.0/bin/node /Users/nissan/.nvm/versions/node/v9.5.0/bin/yarn start

PATH: 
  /usr/local/bin/psql:/Users/nissan/Documents/source/repos/flutter/bin:/Users/nissan/Documents/source/repos/flutter/bin:/Users/nissan/.nvm/versions/node/v9.5.0/bin:/usr/local/bin:/usr/bin:/bin:/usr/sbin:/sbin:/usr/local/share/dotnet:/Library/Frameworks/Mono.framework/Versions/Current/Commands

Yarn version: 
  1.5.1

Node version: 
  9.5.0

Platform: 
  darwin x64

npm manifest: 
  {
    "dependencies": {
      "prop-types": "^15.5.8",
      "react": "^15.5.4",
      "react-dom": "^15.5.4",
      "react-router-dom": "^4.2.2"
    },
    "devDependencies": {
      "react-scripts": "0.9.5"
    },
    "scripts": {
      "start": "react-scripts start",
      "build": "react-scripts build",
      "test": "react-scripts test --env=jsdom",
      "eject": "react-scripts eject"
    }
  }

yarn manifest: 
  No manifest

Lockfile: 
  No lockfile

Trace: 
  Error: Command failed.
  Exit code: 127
  Command: sh
  Arguments: -c react-scripts start
  Directory: /Users/nissan/Documents/source/repos/reactnd-project-myreads-starter
  Output:
  
      at ProcessTermError.MessageError (/Users/nissan/.nvm/versions/node/v9.5.0/lib/node_modules/yarn/lib/cli.js:186:110)
      at new ProcessTermError (/Users/nissan/.nvm/versions/node/v9.5.0/lib/node_modules/yarn/lib/cli.js:226:113)
      at ChildProcess.<anonymous> (/Users/nissan/.nvm/versions/node/v9.5.0/lib/node_modules/yarn/lib/cli.js:30281:17)
      at ChildProcess.emit (events.js:160:13)
      at maybeClose (internal/child_process.js:943:16)
      at Process.ChildProcess._handle.onexit (internal/child_process.js:220:5)
